Build started 2013-08-11 18:21:13.
     1>Project "C:\Users\Michas\Desktop\Algorytmy\Lekcja6Kopcowanie\Lekcja6Kopcowanie\Lekcja6Kopcowanie.vcxproj" on node 2 (build target(s)).
     1>InitializeBuildStatus:
         Creating "Debug\Lekcja6Kopcowanie.unsuccessfulbuild" because "AlwaysCreate" was specified.
       ClCompile:
         c:\Program Files (x86)\Microsoft Visual Studio 10.0\VC\bin\CL.exe /c /ZI /nologo /W3 /WX- /Od /Oy- /D WIN32 /D _DEBUG /D _CONSOLE /D _UNICODE /D UNICODE /Gm /EHsc /RTC1 /MDd /GS /fp:precise /Zc:wchar_t /Zc:forScope /Fo"Debug\\" /Fd"Debug\vc100.pdb" /Gd /TP /analyze- /errorReport:prompt Kopcowanie.cpp
         Kopcowanie.cpp
       ManifestResourceCompile:
         All outputs are up-to-date.
       Link:
         c:\Program Files (x86)\Microsoft Visual Studio 10.0\VC\bin\link.exe /ERRORREPORT:PROMPT /OUT:"C:\Users\Michas\Desktop\Algorytmy\Lekcja6Kopcowanie\Debug\Lekcja6Kopcowanie.exe" /INCREMENTAL /NOLOGO kernel32.lib user32.lib gdi32.lib winspool.lib comdlg32.lib advapi32.lib shell32.lib ole32.lib oleaut32.lib uuid.lib odbc32.lib odbccp32.lib /MANIFEST /ManifestFile:"Debug\Lekcja6Kopcowanie.exe.intermediate.manifest" /MANIFESTUAC:"level='asInvoker' uiAccess='false'" /DEBUG /PDB:"C:\Users\Michas\Desktop\Algorytmy\Lekcja6Kopcowanie\Debug\Lekcja6Kopcowanie.pdb" /SUBSYSTEM:CONSOLE /TLBID:1 /DYNAMICBASE /NXCOMPAT /IMPLIB:"C:\Users\Michas\Desktop\Algorytmy\Lekcja6Kopcowanie\Debug\Lekcja6Kopcowanie.lib" /MACHINE:X86 Debug\Lekcja6Kopcowanie.exe.embed.manifest.res
         Debug\Kopcowanie.obj
       Manifest:
         C:\Program Files (x86)\Microsoft SDKs\Windows\v7.0A\bin\mt.exe /nologo /verbose /out:"Debug\Lekcja6Kopcowanie.exe.embed.manifest" /manifest Debug\Lekcja6Kopcowanie.exe.intermediate.manifest
         All outputs are up-to-date.
       LinkEmbedManifest:
         All outputs are up-to-date.
         Lekcja6Kopcowanie.vcxproj -> C:\Users\Michas\Desktop\Algorytmy\Lekcja6Kopcowanie\Debug\Lekcja6Kopcowanie.exe
       FinalizeBuildStatus:
         Deleting file "Debug\Lekcja6Kopcowanie.unsuccessfulbuild".
         Touching "Debug\Lekcja6Kopcowanie.lastbuildstate".
     1>Done Building Project "C:\Users\Michas\Desktop\Algorytmy\Lekcja6Kopcowanie\Lekcja6Kopcowanie\Lekcja6Kopcowanie.vcxproj" (build target(s)).

Build succeeded.

Time Elapsed 00:00:01.86
