Build started 2013-08-31 14:06:13.
     1>Project "C:\Users\Michas\Desktop\Algorytmy\Lekcja5MergeSort\Lekcja5MergeSort\Lekcja5MergeSort.vcxproj" on node 2 (build target(s)).
     1>InitializeBuildStatus:
         Creating "Debug\Lekcja5MergeSort.unsuccessfulbuild" because "AlwaysCreate" was specified.
       ClCompile:
         c:\Program Files (x86)\Microsoft Visual Studio 10.0\VC\bin\CL.exe /c /ZI /nologo /W3 /WX- /Od /Oy- /D WIN32 /D _DEBUG /D _CONSOLE /D _UNICODE /D UNICODE /Gm /EHsc /RTC1 /MDd /GS /fp:precise /Zc:wchar_t /Zc:forScope /Fo"Debug\\" /Fd"Debug\vc100.pdb" /Gd /TP /analyze- /errorReport:prompt "Merge Sort.cpp"
         Skipping... (no relevant changes detected)
         Merge Sort.cpp
       ManifestResourceCompile:
         C:\Program Files (x86)\Microsoft SDKs\Windows\v7.0A\bin\rc.exe /nologo /fo"Debug\Lekcja5MergeSort.exe.embed.manifest.res" Debug\Lekcja5MergeSort_manifest.rc 
       Link:
         c:\Program Files (x86)\Microsoft Visual Studio 10.0\VC\bin\link.exe /ERRORREPORT:PROMPT /OUT:"C:\Users\Michas\Desktop\Algorytmy\Lekcja5MergeSort\Debug\Lekcja5MergeSort.exe" /INCREMENTAL /NOLOGO kernel32.lib user32.lib gdi32.lib winspool.lib comdlg32.lib advapi32.lib shell32.lib ole32.lib oleaut32.lib uuid.lib odbc32.lib odbccp32.lib /MANIFEST /ManifestFile:"Debug\Lekcja5MergeSort.exe.intermediate.manifest" /MANIFESTUAC:"level='asInvoker' uiAccess='false'" /DEBUG /PDB:"C:\Users\Michas\Desktop\Algorytmy\Lekcja5MergeSort\Debug\Lekcja5MergeSort.pdb" /SUBSYSTEM:CONSOLE /TLBID:1 /DYNAMICBASE /NXCOMPAT /IMPLIB:"C:\Users\Michas\Desktop\Algorytmy\Lekcja5MergeSort\Debug\Lekcja5MergeSort.lib" /MACHINE:X86 Debug\Lekcja5MergeSort.exe.embed.manifest.res
         "Debug\Merge Sort.obj"
       Manifest:
         C:\Program Files (x86)\Microsoft SDKs\Windows\v7.0A\bin\mt.exe /nologo /verbose /out:"Debug\Lekcja5MergeSort.exe.embed.manifest" /manifest Debug\Lekcja5MergeSort.exe.intermediate.manifest
         All outputs are up-to-date.
       LinkEmbedManifest:
         All outputs are up-to-date.
         Lekcja5MergeSort.vcxproj -> C:\Users\Michas\Desktop\Algorytmy\Lekcja5MergeSort\Debug\Lekcja5MergeSort.exe
       FinalizeBuildStatus:
         Deleting file "Debug\Lekcja5MergeSort.unsuccessfulbuild".
         Touching "Debug\Lekcja5MergeSort.lastbuildstate".
     1>Done Building Project "C:\Users\Michas\Desktop\Algorytmy\Lekcja5MergeSort\Lekcja5MergeSort\Lekcja5MergeSort.vcxproj" (build target(s)).

Build succeeded.

Time Elapsed 00:00:03.26
